[2023-09-17 22:45:46,357] multiqc                                            [DEBUG  ]  This is MultiQC v1.12
[2023-09-17 22:45:46,357] multiqc                                            [DEBUG  ]  No MultiQC config found: /usr/local/lib/python3.10/site-packages/multiqc_config.yaml
[2023-09-17 22:45:46,357] multiqc                                            [DEBUG  ]  No MultiQC config found: /.multiqc_config.yaml
[2023-09-17 22:45:46,361] multiqc                                            [DEBUG  ]  Loading config settings from: multiqc_config.yml
[2023-09-17 22:45:46,361] multiqc                                            [DEBUG  ]  New config 'report_comment': This report has been generated by the <a href="https://github.com/nf-core/ampliseq" target="_blank">nf-core/ampliseq</a> analysis pipeline. For information about how to interpret these results, please see the <a href="https://nf-co.re/ampliseq" target="_blank">documentation</a>.

[2023-09-17 22:45:46,361] multiqc                                            [DEBUG  ]  New config 'report_section_order': {'software_versions': {'order': -1000}, 'nf-core-ampliseq-summary': {'order': -1001}}
[2023-09-17 22:45:46,362] multiqc                                            [DEBUG  ]  New config 'export_plots': True
[2023-09-17 22:45:46,362] multiqc                                            [DEBUG  ]  Command used: /usr/local/bin/multiqc -f .
[2023-09-17 22:45:52,081] multiqc                                            [WARNING]  MultiQC Version v1.15 now available!
[2023-09-17 22:45:52,081] multiqc                                            [DEBUG  ]  Command     : /usr/local/bin/multiqc -f .
[2023-09-17 22:45:52,081] multiqc                                            [DEBUG  ]  Working dir : /archive/yildize/lemanbinokay/work/fc/e466b263269060fcaa189e9cee7527
[2023-09-17 22:45:52,081] multiqc                                            [DEBUG  ]  Template    : default
[2023-09-17 22:45:52,081] multiqc                                            [DEBUG  ]  Running Python 3.10.2 | packaged by conda-forge | (main, Feb  1 2022, 19:28:35) [GCC 9.4.0]
[2023-09-17 22:45:52,082] multiqc                                            [DEBUG  ]  Analysing modules: custom_content, ccs, ngsderive, purple, conpair, lima, peddy, somalier, methylQA, mosdepth, phantompeakqualtools, qualimap, preseq, quast, qorts, rna_seqc, rockhopper, rsem, rseqc, busco, bustools, goleft_indexcov, gffcompare, disambiguate, supernova, deeptools, sargasso, verifybamid, mirtrace, happy, mirtop, sambamba, homer, hops, macs2, theta2, snpeff, gatk, htseq, bcftools, featureCounts, fgbio, dragen, dedup, pbmarkdup, damageprofiler, biobambam2, jcvi, mtnucratio, picard, vep, sentieon, prokka, qc3C, nanostat, samblaster, samtools, sexdeterrmine, eigenstratdatabasetools, bamtools, jellyfish, vcftools, longranger, stacks, varscan2, snippy, bbmap, bismark, biscuit, hicexplorer, hicup, hicpro, salmon, kallisto, slamdunk, star, hisat2, tophat, bowtie2, bowtie1, snpsplit, odgi, pangolin, kat, leehom, adapterRemoval, clipandmerge, cutadapt, flexbar, kaiju, kraken, malt, trimmomatic, sickle, skewer, sortmerna, biobloomtools, fastq_screen, afterqc, fastp, fastqc, pychopper, pycoqc, minionqc, multivcfanalyzer, clusterflow, checkqc, bcl2fastq, bclconvert, interop, ivar, flash, seqyclean, optitype, whatshap
[2023-09-17 22:45:52,083] multiqc                                            [DEBUG  ]  Using temporary directory for creating report: /tmp/tmpzef3t289
[2023-09-17 22:45:52,293] multiqc                                            [INFO   ]  Search path : /archive/yildize/lemanbinokay/work/fc/e466b263269060fcaa189e9cee7527
[2023-09-17 22:45:52,352] multiqc                                            [DEBUG  ]  File ignored by ccs/v4 because it exceeded search pattern filesize limit: .command.run
[2023-09-17 22:45:52,360] multiqc                                            [DEBUG  ]  File ignored by hicexplorer because it exceeded search pattern filesize limit: .command.run
[2023-09-17 22:45:52,361] multiqc                                            [DEBUG  ]  File ignored by lima/summary because it exceeded search pattern filesize limit: .command.run
[2023-09-17 22:45:52,378] multiqc                                            [DEBUG  ]  File ignored by longranger/invocation because it exceeded search pattern filesize limit: .command.run
[2023-09-17 22:45:52,414] multiqc                                            [DEBUG  ]  File ignored by nanostat because it exceeded search pattern filesize limit: .command.run
[2023-09-17 22:45:54,537] multiqc.plots.bargraph                             [DEBUG  ]  Using matplotlib version 3.5.1
[2023-09-17 22:45:54,538] multiqc.plots.linegraph                            [DEBUG  ]  Using matplotlib version 3.5.1
[2023-09-17 22:45:54,550] multiqc.modules.custom_content.custom_content      [INFO   ]  nf-core-ampliseq-summary: Found 1 sample (html)
[2023-09-17 22:45:54,550] multiqc.modules.custom_content.custom_content      [INFO   ]  software_versions: Found 1 sample (html)
[2023-09-17 22:45:54,551] multiqc                                            [DEBUG  ]  Reordering sections: anchor 'software_versions' not found for module 'nf-core/ampliseq Software Versions'.
[2023-09-17 22:45:54,551] multiqc                                            [DEBUG  ]  Reordering sections: anchor 'nf-core-ampliseq-summary' not found for module 'nf-core/ampliseq Software Versions'.
[2023-09-17 22:45:54,551] multiqc                                            [DEBUG  ]  Reordering sections: anchor 'software_versions' not found for module 'nf-core/ampliseq Workflow Summary'.
[2023-09-17 22:45:54,551] multiqc                                            [DEBUG  ]  Reordering sections: anchor 'nf-core-ampliseq-summary' not found for module 'nf-core/ampliseq Workflow Summary'.
[2023-09-17 22:45:54,551] multiqc                                            [INFO   ]  Compressing plot data
[2023-09-17 22:45:54,553] multiqc                                            [INFO   ]  Report      : multiqc_report.html
[2023-09-17 22:45:54,553] multiqc                                            [INFO   ]  Data        : multiqc_data
[2023-09-17 22:45:54,553] multiqc                                            [DEBUG  ]  Moving data file from '/tmp/tmpzef3t289/multiqc_data' to '/archive/yildize/lemanbinokay/work/fc/e466b263269060fcaa189e9cee7527/multiqc_data'
[2023-09-17 22:45:54,568] multiqc                                            [INFO   ]  Plots       : multiqc_plots
[2023-09-17 22:45:54,568] multiqc                                            [DEBUG  ]  Moving plots directory from '/tmp/tmpzef3t289/multiqc_plots' to '/archive/yildize/lemanbinokay/work/fc/e466b263269060fcaa189e9cee7527/multiqc_plots'
[2023-09-17 22:45:54,812] multiqc                                            [INFO   ]  MultiQC complete
